[debug] [2018-06-13T04:20:07.027Z] ----------------------------------------------------------------------
[debug] [2018-06-13T04:20:07.029Z] Command:       /usr/local/bin/node /usr/local/bin/firebase serve --only functions
[debug] [2018-06-13T04:20:07.030Z] CLI Version:   3.18.6
[debug] [2018-06-13T04:20:07.030Z] Platform:      darwin
[debug] [2018-06-13T04:20:07.030Z] Node Version:  v8.11.2
[debug] [2018-06-13T04:20:07.030Z] Time:          Wed Jun 13 2018 00:20:07 GMT-0400 (EDT)
[debug] [2018-06-13T04:20:07.030Z] ----------------------------------------------------------------------
[debug] 
[debug] [2018-06-13T04:20:07.042Z] > command requires scopes: ["email","openid","https://www.googleapis.com/auth/cloudplatformprojects.readonly","https://www.googleapis.com/auth/firebase","https://www.googleapis.com/auth/cloud-platform"]
[debug] [2018-06-13T04:20:07.042Z] > authorizing via signed-in user
[debug] [2018-06-13T04:20:07.044Z] > refreshing access token with scopes: ["email","https://www.googleapis.com/auth/cloud-platform","https://www.googleapis.com/auth/cloudplatformprojects.readonly","https://www.googleapis.com/auth/firebase","openid"]
[debug] [2018-06-13T04:20:07.044Z] >>> HTTP REQUEST POST https://www.googleapis.com/oauth2/v3/token  
 { refresh_token: '1/f7Kv56Rj6nEUiMnp0x6AmeEDjdRvnAK90-sPqzyRkEw',
  client_id: '563584335869-fgrhgmd47bqnekij5i8b5pr03ho849e6.apps.googleusercontent.com',
  client_secret: 'j9iVZfS8kkCEFUPaAeJV0sAi',
  grant_type: 'refresh_token',
  scope: 'email https://www.googleapis.com/auth/cloud-platform https://www.googleapis.com/auth/cloudplatformprojects.readonly https://www.googleapis.com/auth/firebase openid' } 
 Wed Jun 13 2018 00:20:07 GMT-0400 (EDT)
[debug] [2018-06-13T04:20:07.268Z] <<< HTTP RESPONSE 200
[debug] [2018-06-13T04:20:07.286Z] >>> HTTP REQUEST GET https://admin.firebase.com/v1/projects/mbta-universal  
  
 Wed Jun 13 2018 00:20:07 GMT-0400 (EDT)
[debug] [2018-06-13T04:20:07.906Z] <<< HTTP RESPONSE 200
[debug] [2018-06-13T04:20:07.907Z] >>> HTTP REQUEST GET https://admin.firebase.com/v1/database/mbta-universal/tokens  
  
 Wed Jun 13 2018 00:20:07 GMT-0400 (EDT)
[debug] [2018-06-13T04:20:08.239Z] <<< HTTP RESPONSE 200
[debug] [2018-06-13T04:20:08.240Z] >>> HTTP REQUEST GET https://cloudresourcemanager.googleapis.com/v1/projects/mbta-universal  
  
 Wed Jun 13 2018 00:20:08 GMT-0400 (EDT)
[debug] [2018-06-13T04:20:08.532Z] <<< HTTP RESPONSE 200
[info] 
[info] === Serving from '/Users/lotus_warrior/playground/mbta-universal'...
[info] 
[info] i  functions: Preparing to emulate functions.
[debug] [2018-06-13T04:20:09.037Z] Fetching environment
[debug] [2018-06-13T04:20:09.039Z] >>> HTTP REQUEST GET https://mobilesdk-pa.googleapis.com/v1/projects/32426843949:getServerAppConfig  
  
 Wed Jun 13 2018 00:20:09 GMT-0400 (EDT)
[debug] [2018-06-13T04:20:09.544Z] <<< HTTP RESPONSE 200
[debug] [2018-06-13T04:20:09.545Z] Starting @google-cloud/functions-emulator
[debug] [2018-06-13T04:20:10.605Z] Parsing function triggers
[info] ✔  functions: api: http://localhost:5000/mbta-universal/us-central1/api
[info] ✔  functions: ssr: http://localhost:5000/mbta-universal/us-central1/ssr
[debug] [2018-06-13T04:48:31.745Z] ----------------------------------------------------------------------
[debug] [2018-06-13T04:48:31.747Z] Command:       /usr/local/bin/node /usr/local/bin/firebase deploy --only=functions,hosting
[debug] [2018-06-13T04:48:31.747Z] CLI Version:   3.18.6
[debug] [2018-06-13T04:48:31.747Z] Platform:      darwin
[debug] [2018-06-13T04:48:31.747Z] Node Version:  v10.4.0
[debug] [2018-06-13T04:48:31.749Z] Time:          Wed Jun 13 2018 00:48:31 GMT-0400 (Eastern Daylight Time)
[debug] [2018-06-13T04:48:31.749Z] ----------------------------------------------------------------------
[debug] 
[debug] [2018-06-13T04:48:31.758Z] > command requires scopes: ["email","openid","https://www.googleapis.com/auth/cloudplatformprojects.readonly","https://www.googleapis.com/auth/firebase","https://www.googleapis.com/auth/cloud-platform"]
[debug] [2018-06-13T04:48:31.759Z] > authorizing via signed-in user
[debug] [2018-06-13T04:48:31.760Z] >>> HTTP REQUEST GET https://admin.firebase.com/v1/projects/mbta-universal  
  
 Wed Jun 13 2018 00:48:31 GMT-0400 (Eastern Daylight Time)
[debug] [2018-06-13T04:48:32.392Z] <<< HTTP RESPONSE 200
[debug] [2018-06-13T04:48:32.393Z] >>> HTTP REQUEST GET https://admin.firebase.com/v1/database/mbta-universal/tokens  
  
 Wed Jun 13 2018 00:48:32 GMT-0400 (Eastern Daylight Time)
[debug] [2018-06-13T04:48:32.861Z] <<< HTTP RESPONSE 200
[warn] ⚠  functions: package.json indicates an outdated version of firebase-functions.
 Please upgrade using npm install --save firebase-functions@latest in your functions directory.
[warn] ⚠  functions: Please note that there will be breaking changes when you upgrade.
 Go to https://firebase.google.com/docs/functions/beta-v1-diff to learn more.
[info] 
[info] === Deploying to 'mbta-universal'...
[info] 
[info] i  deploying functions, hosting
[info] Running command: npm --prefix "$RESOURCE_DIR" run build
